{"D:\\pgm_project\\react-scratch\\src\\App.js": {"path":"D:\\pgm_project\\react-scratch\\src\\App.js","statementMap":{"0":{"start":{"line":18,"column":17},"end":{"line":26,"column":3}},"1":{"start":{"line":28,"column":2},"end":{"line":51,"column":4}}},"fnMap":{"0":{"name":"App","decl":{"start":{"line":17,"column":9},"end":{"line":17,"column":12}},"loc":{"start":{"line":17,"column":15},"end":{"line":52,"column":1}},"line":17}},"branchMap":{},"s":{"0":0,"1":0},"f":{"0":0},"b":{}}
,"D:\\pgm_project\\react-scratch\\src\\index.js": {"path":"D:\\pgm_project\\react-scratch\\src\\index.js","statementMap":{"0":{"start":{"line":7,"column":18},"end":{"line":7,"column":49}},"1":{"start":{"line":8,"column":13},"end":{"line":8,"column":34}},"2":{"start":{"line":9,"column":0},"end":{"line":15,"column":2}}},"fnMap":{},"branchMap":{},"s":{"0":0,"1":0,"2":0},"f":{},"b":{}}
,"D:\\pgm_project\\react-scratch\\src\\component\\MyTable.jsx": {"path":"D:\\pgm_project\\react-scratch\\src\\component\\MyTable.jsx","statementMap":{"0":{"start":{"line":3,"column":16},"end":{"line":29,"column":1}},"1":{"start":{"line":4,"column":2},"end":{"line":28,"column":4}}},"fnMap":{"0":{"name":"(anonymous_0)","decl":{"start":{"line":3,"column":16},"end":{"line":3,"column":17}},"loc":{"start":{"line":3,"column":22},"end":{"line":29,"column":1}},"line":3}},"branchMap":{},"s":{"0":0,"1":0},"f":{"0":0},"b":{}}
,"D:\\pgm_project\\react-scratch\\src\\component\\Navigation.js": {"path":"D:\\pgm_project\\react-scratch\\src\\component\\Navigation.js","statementMap":{"0":{"start":{"line":5,"column":19},"end":{"line":25,"column":1}},"1":{"start":{"line":6,"column":2},"end":{"line":24,"column":4}}},"fnMap":{"0":{"name":"(anonymous_0)","decl":{"start":{"line":5,"column":19},"end":{"line":5,"column":20}},"loc":{"start":{"line":5,"column":25},"end":{"line":25,"column":1}},"line":5}},"branchMap":{},"s":{"0":0,"1":0},"f":{"0":0},"b":{}}
,"D:\\pgm_project\\react-scratch\\src\\component\\Login\\LoginConfirm.tsx": {"path":"D:\\pgm_project\\react-scratch\\src\\component\\Login\\LoginConfirm.tsx","statementMap":{"0":{"start":{"line":16,"column":21},"end":{"line":83,"column":1}},"1":{"start":{"line":17,"column":26},"end":{"line":17,"column":41}},"2":{"start":{"line":19,"column":2},"end":{"line":21,"column":27}},"3":{"start":{"line":20,"column":4},"end":{"line":20,"column":32}},"4":{"start":{"line":23,"column":2},"end":{"line":82,"column":4}},"5":{"start":{"line":64,"column":31},"end":{"line":64,"column":45}},"6":{"start":{"line":72,"column":31},"end":{"line":72,"column":45}}},"fnMap":{"0":{"name":"(anonymous_0)","decl":{"start":{"line":16,"column":21},"end":{"line":16,"column":22}},"loc":{"start":{"line":16,"column":39},"end":{"line":83,"column":1}},"line":16},"1":{"name":"(anonymous_1)","decl":{"start":{"line":19,"column":12},"end":{"line":19,"column":13}},"loc":{"start":{"line":19,"column":18},"end":{"line":21,"column":3}},"line":19},"2":{"name":"(anonymous_2)","decl":{"start":{"line":64,"column":25},"end":{"line":64,"column":26}},"loc":{"start":{"line":64,"column":31},"end":{"line":64,"column":45}},"line":64},"3":{"name":"(anonymous_3)","decl":{"start":{"line":72,"column":25},"end":{"line":72,"column":26}},"loc":{"start":{"line":72,"column":31},"end":{"line":72,"column":45}},"line":72}},"branchMap":{},"s":{"0":0,"1":0,"2":0,"3":0,"4":0,"5":0,"6":0},"f":{"0":0,"1":0,"2":0,"3":0},"b":{}}
,"D:\\pgm_project\\react-scratch\\src\\component\\Login\\LoginForm.tsx": {"path":"D:\\pgm_project\\react-scratch\\src\\component\\Login\\LoginForm.tsx","statementMap":{"0":{"start":{"line":10,"column":18},"end":{"line":99,"column":1}},"1":{"start":{"line":11,"column":34},"end":{"line":15,"column":4}},"2":{"start":{"line":16,"column":38},"end":{"line":16,"column":62}},"3":{"start":{"line":18,"column":27},"end":{"line":29,"column":3}},"4":{"start":{"line":19,"column":4},"end":{"line":19,"column":23}},"5":{"start":{"line":20,"column":4},"end":{"line":20,"column":70}},"6":{"start":{"line":21,"column":4},"end":{"line":28,"column":5}},"7":{"start":{"line":22,"column":6},"end":{"line":25,"column":9}},"8":{"start":{"line":27,"column":6},"end":{"line":27,"column":26}},"9":{"start":{"line":31,"column":25},"end":{"line":39,"column":3}},"10":{"start":{"line":32,"column":28},"end":{"line":32,"column":36}},"11":{"start":{"line":34,"column":4},"end":{"line":38,"column":7}},"12":{"start":{"line":41,"column":2},"end":{"line":98,"column":4}},"13":{"start":{"line":85,"column":14},"end":{"line":89,"column":17}}},"fnMap":{"0":{"name":"(anonymous_0)","decl":{"start":{"line":10,"column":18},"end":{"line":10,"column":19}},"loc":{"start":{"line":10,"column":24},"end":{"line":99,"column":1}},"line":10},"1":{"name":"(anonymous_1)","decl":{"start":{"line":18,"column":27},"end":{"line":18,"column":28}},"loc":{"start":{"line":18,"column":62},"end":{"line":29,"column":3}},"line":18},"2":{"name":"(anonymous_2)","decl":{"start":{"line":31,"column":25},"end":{"line":31,"column":26}},"loc":{"start":{"line":31,"column":63},"end":{"line":39,"column":3}},"line":31},"3":{"name":"(anonymous_3)","decl":{"start":{"line":84,"column":21},"end":{"line":84,"column":22}},"loc":{"start":{"line":84,"column":27},"end":{"line":90,"column":13}},"line":84}},"branchMap":{"0":{"loc":{"start":{"line":21,"column":4},"end":{"line":28,"column":5}},"type":"if","locations":[{"start":{"line":21,"column":4},"end":{"line":28,"column":5}},{"start":{"line":26,"column":11},"end":{"line":28,"column":5}}],"line":21},"1":{"loc":{"start":{"line":21,"column":8},"end":{"line":21,"column":57}},"type":"binary-expr","locations":[{"start":{"line":21,"column":8},"end":{"line":21,"column":28}},{"start":{"line":21,"column":32},"end":{"line":21,"column":57}}],"line":21},"2":{"loc":{"start":{"line":72,"column":9},"end":{"line":74,"column":9}},"type":"binary-expr","locations":[{"start":{"line":72,"column":9},"end":{"line":72,"column":23}},{"start":{"line":73,"column":10},"end":{"line":73,"column":75}}],"line":72}},"s":{"0":0,"1":0,"2":0,"3":0,"4":0,"5":0,"6":0,"7":0,"8":0,"9":0,"10":0,"11":0,"12":0,"13":0},"f":{"0":0,"1":0,"2":0,"3":0},"b":{"0":[0,0],"1":[0,0],"2":[0,0]}}
,"D:\\pgm_project\\react-scratch\\src\\layout\\RootLayout.js": {"path":"D:\\pgm_project\\react-scratch\\src\\layout\\RootLayout.js","statementMap":{"0":{"start":{"line":5,"column":19},"end":{"line":12,"column":1}},"1":{"start":{"line":6,"column":2},"end":{"line":11,"column":4}}},"fnMap":{"0":{"name":"(anonymous_0)","decl":{"start":{"line":5,"column":19},"end":{"line":5,"column":20}},"loc":{"start":{"line":5,"column":25},"end":{"line":12,"column":1}},"line":5}},"branchMap":{},"s":{"0":0,"1":0},"f":{"0":0},"b":{}}
,"D:\\pgm_project\\react-scratch\\src\\pages\\About.js": {"path":"D:\\pgm_project\\react-scratch\\src\\pages\\About.js","statementMap":{"0":{"start":{"line":2,"column":14},"end":{"line":4,"column":1}},"1":{"start":{"line":3,"column":2},"end":{"line":3,"column":26}}},"fnMap":{"0":{"name":"(anonymous_0)","decl":{"start":{"line":2,"column":14},"end":{"line":2,"column":15}},"loc":{"start":{"line":2,"column":20},"end":{"line":4,"column":1}},"line":2}},"branchMap":{},"s":{"0":1,"1":1},"f":{"0":1},"b":{},"_coverageSchema":"1a1c01bbd47fc00a2c39e90264f33305004495a9","hash":"397e3bdbf2a2c337bb02e7feab2a6b27dcef906c"}
,"D:\\pgm_project\\react-scratch\\src\\pages\\Contact.js": {"path":"D:\\pgm_project\\react-scratch\\src\\pages\\Contact.js","statementMap":{"0":{"start":{"line":2,"column":16},"end":{"line":4,"column":1}},"1":{"start":{"line":3,"column":2},"end":{"line":3,"column":28}}},"fnMap":{"0":{"name":"(anonymous_0)","decl":{"start":{"line":2,"column":16},"end":{"line":2,"column":17}},"loc":{"start":{"line":2,"column":22},"end":{"line":4,"column":1}},"line":2}},"branchMap":{},"s":{"0":0,"1":0},"f":{"0":0},"b":{}}
,"D:\\pgm_project\\react-scratch\\src\\pages\\Home.js": {"path":"D:\\pgm_project\\react-scratch\\src\\pages\\Home.js","statementMap":{"0":{"start":{"line":5,"column":15},"end":{"line":8,"column":1}},"1":{"start":{"line":9,"column":13},"end":{"line":109,"column":1}},"2":{"start":{"line":10,"column":26},"end":{"line":10,"column":44}},"3":{"start":{"line":11,"column":23},"end":{"line":11,"column":57}},"4":{"start":{"line":11,"column":46},"end":{"line":11,"column":56}},"5":{"start":{"line":12,"column":19},"end":{"line":12,"column":32}},"6":{"start":{"line":15,"column":21},"end":{"line":21,"column":3}},"7":{"start":{"line":16,"column":28},"end":{"line":16,"column":36}},"8":{"start":{"line":17,"column":4},"end":{"line":20,"column":7}},"9":{"start":{"line":23,"column":20},"end":{"line":25,"column":3}},"10":{"start":{"line":24,"column":4},"end":{"line":24,"column":22}},"11":{"start":{"line":27,"column":22},"end":{"line":34,"column":3}},"12":{"start":{"line":28,"column":4},"end":{"line":28,"column":23}},"13":{"start":{"line":29,"column":4},"end":{"line":32,"column":7}},"14":{"start":{"line":33,"column":4},"end":{"line":33,"column":16}},"15":{"start":{"line":36,"column":2},"end":{"line":108,"column":4}},"16":{"start":{"line":92,"column":16},"end":{"line":96,"column":18}}},"fnMap":{"0":{"name":"(anonymous_0)","decl":{"start":{"line":9,"column":13},"end":{"line":9,"column":14}},"loc":{"start":{"line":9,"column":19},"end":{"line":109,"column":1}},"line":9},"1":{"name":"(anonymous_1)","decl":{"start":{"line":11,"column":35},"end":{"line":11,"column":36}},"loc":{"start":{"line":11,"column":46},"end":{"line":11,"column":56}},"line":11},"2":{"name":"(anonymous_2)","decl":{"start":{"line":15,"column":21},"end":{"line":15,"column":22}},"loc":{"start":{"line":15,"column":28},"end":{"line":21,"column":3}},"line":15},"3":{"name":"(anonymous_3)","decl":{"start":{"line":23,"column":20},"end":{"line":23,"column":21}},"loc":{"start":{"line":23,"column":26},"end":{"line":25,"column":3}},"line":23},"4":{"name":"(anonymous_4)","decl":{"start":{"line":27,"column":22},"end":{"line":27,"column":23}},"loc":{"start":{"line":27,"column":29},"end":{"line":34,"column":3}},"line":27},"5":{"name":"(anonymous_5)","decl":{"start":{"line":91,"column":28},"end":{"line":91,"column":29}},"loc":{"start":{"line":91,"column":43},"end":{"line":97,"column":15}},"line":91}},"branchMap":{"0":{"loc":{"start":{"line":89,"column":11},"end":{"line":101,"column":11}},"type":"cond-expr","locations":[{"start":{"line":90,"column":12},"end":{"line":98,"column":17}},{"start":{"line":100,"column":12},"end":{"line":100,"column":48}}],"line":89}},"s":{"0":0,"1":0,"2":0,"3":0,"4":0,"5":0,"6":0,"7":0,"8":0,"9":0,"10":0,"11":0,"12":0,"13":0,"14":0,"15":0,"16":0},"f":{"0":0,"1":0,"2":0,"3":0,"4":0,"5":0},"b":{"0":[0,0]}}
,"D:\\pgm_project\\react-scratch\\src\\pages\\PageList.tsx": {"path":"D:\\pgm_project\\react-scratch\\src\\pages\\PageList.tsx","statementMap":{"0":{"start":{"line":12,"column":17},"end":{"line":24,"column":1}},"1":{"start":{"line":13,"column":2},"end":{"line":23,"column":4}},"2":{"start":{"line":20,"column":8},"end":{"line":20,"column":52}}},"fnMap":{"0":{"name":"(anonymous_0)","decl":{"start":{"line":12,"column":17},"end":{"line":12,"column":18}},"loc":{"start":{"line":12,"column":43},"end":{"line":24,"column":1}},"line":12},"1":{"name":"(anonymous_1)","decl":{"start":{"line":19,"column":22},"end":{"line":19,"column":23}},"loc":{"start":{"line":19,"column":32},"end":{"line":21,"column":7}},"line":19}},"branchMap":{},"s":{"0":0,"1":0,"2":0},"f":{"0":0,"1":0},"b":{}}
,"D:\\pgm_project\\react-scratch\\src\\pages\\User.js": {"path":"D:\\pgm_project\\react-scratch\\src\\pages\\User.js","statementMap":{"0":{"start":{"line":4,"column":13},"end":{"line":22,"column":1}},"1":{"start":{"line":5,"column":26},"end":{"line":5,"column":40}},"2":{"start":{"line":7,"column":2},"end":{"line":15,"column":9}},"3":{"start":{"line":8,"column":22},"end":{"line":13,"column":5}},"4":{"start":{"line":9,"column":23},"end":{"line":11,"column":7}},"5":{"start":{"line":12,"column":6},"end":{"line":12,"column":29}},"6":{"start":{"line":14,"column":4},"end":{"line":14,"column":16}},"7":{"start":{"line":17,"column":2},"end":{"line":19,"column":3}},"8":{"start":{"line":18,"column":4},"end":{"line":18,"column":24}},"9":{"start":{"line":21,"column":2},"end":{"line":21,"column":33}}},"fnMap":{"0":{"name":"(anonymous_0)","decl":{"start":{"line":4,"column":13},"end":{"line":4,"column":14}},"loc":{"start":{"line":4,"column":19},"end":{"line":22,"column":1}},"line":4},"1":{"name":"(anonymous_1)","decl":{"start":{"line":7,"column":12},"end":{"line":7,"column":13}},"loc":{"start":{"line":7,"column":18},"end":{"line":15,"column":3}},"line":7},"2":{"name":"(anonymous_2)","decl":{"start":{"line":8,"column":22},"end":{"line":8,"column":23}},"loc":{"start":{"line":8,"column":34},"end":{"line":13,"column":5}},"line":8}},"branchMap":{"0":{"loc":{"start":{"line":17,"column":2},"end":{"line":19,"column":3}},"type":"if","locations":[{"start":{"line":17,"column":2},"end":{"line":19,"column":3}},{"start":{},"end":{}}],"line":17}},"s":{"0":1,"1":2,"2":2,"3":1,"4":1,"5":1,"6":1,"7":2,"8":1,"9":1},"f":{"0":2,"1":1,"2":1},"b":{"0":[1,1]},"_coverageSchema":"1a1c01bbd47fc00a2c39e90264f33305004495a9","hash":"2445dd87c7e729e00c4341bbd491dc5fbc38ea10"}
,"D:\\pgm_project\\react-scratch\\src\\store\\store.tsx": {"path":"D:\\pgm_project\\react-scratch\\src\\store\\store.tsx","statementMap":{"0":{"start":{"line":4,"column":14},"end":{"line":8,"column":2}}},"fnMap":{},"branchMap":{},"s":{"0":0},"f":{},"b":{}}
,"D:\\pgm_project\\react-scratch\\src\\store\\reducers\\HomeReducer.tsx": {"path":"D:\\pgm_project\\react-scratch\\src\\store\\reducers\\HomeReducer.tsx","statementMap":{"0":{"start":{"line":11,"column":33},"end":{"line":14,"column":1}},"1":{"start":{"line":16,"column":16},"end":{"line":29,"column":1}},"2":{"start":{"line":23,"column":2},"end":{"line":28,"column":3}},"3":{"start":{"line":25,"column":6},"end":{"line":25,"column":73}},"4":{"start":{"line":27,"column":6},"end":{"line":27,"column":19}}},"fnMap":{"0":{"name":"(anonymous_0)","decl":{"start":{"line":16,"column":16},"end":{"line":16,"column":17}},"loc":{"start":{"line":22,"column":5},"end":{"line":29,"column":1}},"line":22}},"branchMap":{"0":{"loc":{"start":{"line":17,"column":2},"end":{"line":17,"column":22}},"type":"default-arg","locations":[{"start":{"line":17,"column":10},"end":{"line":17,"column":22}}],"line":17},"1":{"loc":{"start":{"line":23,"column":2},"end":{"line":28,"column":3}},"type":"switch","locations":[{"start":{"line":24,"column":4},"end":{"line":25,"column":73}},{"start":{"line":26,"column":4},"end":{"line":27,"column":19}}],"line":23}},"s":{"0":0,"1":0,"2":0,"3":0,"4":0},"f":{"0":0},"b":{"0":[0],"1":[0,0]}}
}
